Engine-Match Dienstag, 31. August 2021 20:50:50
 Tournament Game in One Minute 

Pairing 1/6 :    Pygmalion K1T1  -  Pygmalion K2T2

PGN-File: C:\Program Files (x86)\Arena\Arena.pgn

No:  B/W 1/2     W:B       1:2           Time        Value Moves Dep 1:2       1-2-Draws
   2 W 2    1,5:0,5        0,5:1,5       21:24:57     0.00   112 5,786 :5,538  0-1-1
   3 B 2    1,5:0,5        0,5:2,5       21:38:52   -11.18    65 5,135 :4,946  0-2-1
   5 W 1    1,5:0,5        1,5:3,5       22:08:08   +18.00    57 4,919 :4,757  1-3-1
   6 W 2    1,5:0,5        1,5:4,5       22:22:24   +13.18    53 5,318 :5,091  1-4-1
   7 W 1    1,5:0,5        2,5:4,5       22:35:19  +319.00    35 5,231 :5,520  2-4-1
   8 B 1    1,5:0,5        3,5:4,5       22:50:50     0.00    94 5,143 :4,727  3-4-1
   9 = =    1,0:1,0        4,0:5,0       23:06:46     0.00   112 5,579 :5,444  3-4-2
  10 W 2    2,0:1,0        4,0:6,0       23:22:38   +12.27    62 5,250 :5,524  3-5-2
  11 B 2    2,0:1,0        4,0:7,0       23:38:11    -9.21    60 5,200 :5,650  3-6-2
  12 B 1    2,0:1,0        5,0:7,0       23:54:38    -9.20    96 5,158 :4,579  4-6-2
  13 W 1    2,0:1,0        6,0:7,0       00:09:34    +M499    42 5,000 :4,786  5-6-2
  14 B 1    2,0:1,0        7,0:7,0       00:26:10   -17.24    63 5,133 :5,133  6-6-2
  15 B 2    2,0:1,0        7,0:8,0       00:39:00   -19.30    65 5,250 :5,350  6-7-2
  16 B 1    2,0:1,0        8,0:8,0       00:52:23  -319.00    32 5,480 :5,600  7-7-2
  17 W 1    2,0:1,0        9,0:8,0       01:05:51     0.00   107 5,167 :5,167  8-7-2
  18 W 2    2,0:1,0        9,0:9,0       01:16:51   +14.12    34 5,111 :4,808  8-8-2
  19 B 2    2,0:1,0        9,0:10,0      01:31:35    -9.14    47 5,229 :5,229  8-9-2
  20 B 1    2,0:1,0        10,0:10,0     01:45:41  -319.00    37 5,500 :5,515  9-9-2
  21 B 2    2,0:1,0        10,0:11,0     01:59:05    -M499    44 5,216 :5,056  9-10-2
  22 W 2    2,0:1,0        10,0:12,0     02:14:09   +10.14    47 5,348 :5,000  9-11-2
  23 W 1    2,0:1,0        11,0:12,0     02:27:17   +12.26    80 5,458 :5,208  10-11-2
  25 B 2    2,5:1,5        11,5:13,5     02:58:02     0.00    78 5,208 :4,913  10-12-3
  26 B 1    2,5:1,5        12,5:13,5     03:12:58   -10.15    69 4,818 :5,087  11-12-3
  27 B 2    2,5:1,5        12,5:14,5     03:26:44   -10.20    68 4,947 :4,947  11-13-3
  28 B 1    2,5:1,5        13,5:14,5     03:39:28     0.00   113 5,636 :6,000  12-13-3
  29 W 1    2,5:1,5        14,5:14,5     03:53:41   +14.21    60 5,474 :5,263  13-13-3
  30 = =    2,0:2,0        15,0:15,0     04:08:39     0.00    90 5,167 :4,824  13-13-4
  31 = =    2,5:2,5        15,5:15,5     04:22:28     0.00    73 6,333 :6,091  13-13-5
  32 = =    3,0:3,0        16,0:16,0     04:37:15     0.00    71 6,182 :6,083  13-13-6
  33 W 1    4,0:3,0        17,0:16,0     04:50:45   +12.15    42 5,303 :5,438  14-13-6
  34 W 2    4,0:3,0        17,0:17,0     05:04:01    +M499    56 5,406 :5,455  14-14-6
  35 = =    3,5:3,5        17,5:17,5     05:15:30     0.00    24 5,857 :6,154  14-14-7
  36 = =    4,0:4,0        18,0:18,0     05:22:19     0.00    33 6,389 :5,833  14-14-8
  37 B 2    5,0:4,0        18,0:19,0     05:31:41     0.00   107 5,125 :5,222  14-15-8
  38 = =    4,5:4,5        18,5:19,5     05:45:07     0.00    77 4,867 :4,400  14-15-9
  39 W 1    5,5:4,5        19,5:19,5     05:56:41   +17.15    28 4,870 :5,000  15-15-9
  40 B 1    5,5:4,5        20,5:19,5     06:12:17   -16.26    72 5,278 :5,056  16-15-9
  41 W 1    5,5:4,5        21,5:19,5     06:28:16   +13.18    71 5,250 :5,438  17-15-9
  42 W 2    5,5:4,5        21,5:20,5     06:39:27  +319.00    33 5,458 :5,040  17-16-9
  43 = =    5,0:5,0        22,0:21,0     06:52:35    -2.00   106 5,063 :4,688  17-16-10
  44 B 1    6,0:5,0        23,0:21,0     07:04:23  -319.00    30 5,158 :4,579  18-16-10
  45 W 1    6,0:5,0        24,0:21,0     07:17:02   +16.08    35 5,348 :5,304  19-16-10
  46 W 2    6,0:5,0        24,0:22,0     07:30:25     0.00   106 5,283 :5,152  19-17-10
  47 B 2    6,0:5,0        24,0:23,0     07:42:15   -17.23    75 5,522 :5,500  19-18-10
  48 W 2    6,0:5,0        24,0:24,0     07:55:54  +319.00    59 5,156 :4,844  19-19-10
  49 W 1    6,0:5,0        25,0:24,0     08:08:48    +M499    37 5,581 :5,484  20-19-10
  50 W 2    6,0:5,0        25,0:25,0     08:23:10     0.00   110 5,647 :5,412  20-20-10
  51 W 1    6,0:5,0        26,0:25,0     08:37:49    +9.17    99 5,700 :5,316  21-20-10
  52 W 2    6,0:5,0        26,0:26,0     08:50:11   +15.14    59 5,216 :4,784  21-21-10
  53 W 1    6,0:5,0        27,0:26,0     09:04:24    +M499    56 5,407 :5,259  22-21-10
  55 B 2    6,0:5,0        28,0:27,0     09:33:29   -13.24    39 4,750 :4,839  23-22-10
  56 B 1    6,0:5,0        29,0:27,0     09:47:40     0.00   110 4,700 :4,476  24-22-10
  57 B 2    6,0:5,0        29,0:28,0     10:02:33   -10.11    60 5,487 :5,400  24-23-10
  59 = =    5,5:5,5        30,5:28,5     10:29:21    -1.04    99 5,406 :4,939  25-23-11
  60 W 2    6,5:5,5        30,5:29,5     10:43:39   +11.16    50 5,435 :5,364  25-24-11
  61 B 2    6,5:5,5        30,5:30,5     10:57:44   -20.28    62 5,296 :5,222  25-25-11
  62 W 2    6,5:5,5        30,5:31,5     11:11:45   +15.18    57 5,333 :5,167  25-26-11
  63 = =    6,0:6,0        31,0:32,0     11:23:32     0.00    23 6,000 :5,500  25-26-12
  66 = =    6,5:6,5        32,5:33,5     16:30:01     0.00   100 5,238 :5,095  26-27-13
  67 B 2    7,5:6,5        32,5:34,5     16:44:43    -M499    82 5,214 :4,923  26-28-13
